C:\Users\skram\source\repos\sample\sample\client\dist\out-tsc\app\app-routing.module.js
C:\Users\skram\source\repos\sample\sample\client\dist\out-tsc\app\app-routing.module.js.map
C:\Users\skram\source\repos\sample\sample\client\dist\out-tsc\app\app.component.js
C:\Users\skram\source\repos\sample\sample\client\dist\out-tsc\app\app.component.js.map
C:\Users\skram\source\repos\sample\sample\client\dist\out-tsc\app\nav\nav.component.js
C:\Users\skram\source\repos\sample\sample\client\dist\out-tsc\app\nav\nav.component.js.map
C:\Users\skram\source\repos\sample\sample\client\dist\out-tsc\environments\environment.js
C:\Users\skram\source\repos\sample\sample\client\dist\out-tsc\environments\environment.js.map
C:\Users\skram\source\repos\sample\sample\client\dist\out-tsc\app\models\employee.model.js
C:\Users\skram\source\repos\sample\sample\client\dist\out-tsc\app\models\employee.model.js.map
C:\Users\skram\source\repos\sample\sample\client\dist\out-tsc\app\api.routes.js
C:\Users\skram\source\repos\sample\sample\client\dist\out-tsc\app\api.routes.js.map
C:\Users\skram\source\repos\sample\sample\client\dist\out-tsc\app\data.service.js
C:\Users\skram\source\repos\sample\sample\client\dist\out-tsc\app\data.service.js.map
C:\Users\skram\source\repos\sample\sample\client\dist\out-tsc\app\home\home.component.js
C:\Users\skram\source\repos\sample\sample\client\dist\out-tsc\app\home\home.component.js.map
C:\Users\skram\source\repos\sample\sample\client\dist\out-tsc\app\register\register.component.js
C:\Users\skram\source\repos\sample\sample\client\dist\out-tsc\app\register\register.component.js.map
C:\Users\skram\source\repos\sample\sample\client\dist\out-tsc\app\student-list\student-list.component.js
C:\Users\skram\source\repos\sample\sample\client\dist\out-tsc\app\student-list\student-list.component.js.map
C:\Users\skram\source\repos\sample\sample\client\dist\out-tsc\app\app.module.js
C:\Users\skram\source\repos\sample\sample\client\dist\out-tsc\app\app.module.js.map
C:\Users\skram\source\repos\sample\sample\client\dist\out-tsc\main.js
C:\Users\skram\source\repos\sample\sample\client\dist\out-tsc\main.js.map
C:\Users\skram\source\repos\sample\sample\client\dist\out-tsc\polyfills.js
C:\Users\skram\source\repos\sample\sample\client\dist\out-tsc\polyfills.js.map
C:\Users\skram\source\repos\sample\sample\client\dist\out-tsc\test.js
C:\Users\skram\source\repos\sample\sample\client\dist\out-tsc\test.js.map
C:\Users\skram\source\repos\sample\sample\client\dist\out-tsc\app\app.component.spec.js
C:\Users\skram\source\repos\sample\sample\client\dist\out-tsc\app\app.component.spec.js.map
C:\Users\skram\source\repos\sample\sample\client\dist\out-tsc\app\register\register-routing.module.js
C:\Users\skram\source\repos\sample\sample\client\dist\out-tsc\app\register\register-routing.module.js.map
C:\Users\skram\source\repos\sample\sample\client\dist\out-tsc\app\register\register.component.spec.js
C:\Users\skram\source\repos\sample\sample\client\dist\out-tsc\app\register\register.component.spec.js.map
C:\Users\skram\source\repos\sample\sample\client\dist\out-tsc\app\register\register.module.js
C:\Users\skram\source\repos\sample\sample\client\dist\out-tsc\app\register\register.module.js.map
C:\Users\skram\source\repos\sample\sample\client\dist\out-tsc\app\student-list\student-list.module.js
C:\Users\skram\source\repos\sample\sample\client\dist\out-tsc\app\student-list\student-list.module.js.map
C:\Users\skram\source\repos\sample\sample\client\dist\out-tsc\environments\environment.prod.js
C:\Users\skram\source\repos\sample\sample\client\dist\out-tsc\environments\environment.prod.js.map
